2021-06-08 01:50:43 start...
2021-06-08 01:50:43 start...
2021-06-08 01:51:01 start...
2021-06-08 01:51:46 start...
2021-06-08 01:51:46 start...
2021-06-08 01:52:13 start...
2021-06-08 01:52:13 start...
2021-06-08 01:53:22 start...
2021-06-08 01:53:22 start...
2021-06-08 01:55:00 start...
2021-06-08 01:55:00 start...
2021-06-08 01:55:18 start...
2021-06-08 01:55:18 start...
2021-06-08 02:00:00 start...
2021-06-08 02:00:00 start...
2021-06-08 02:01:10 start...
2021-06-08 02:01:10 start...
2021-06-08 02:05:00 start...
2021-06-08 02:05:00 start...
2021-06-08 02:05:47 start...
2021-06-08 02:05:47 start...
2021-06-08 02:05:48 start...
2021-06-08 02:05:48 start...
2021-06-08 02:07:30 start...
2021-06-08 02:07:30 start...
2021-06-08 02:07:31 start...
2021-06-08 02:07:31 start...
2021-06-08 02:07:32 start...
2021-06-08 02:07:32 start...
2021-06-08 02:07:32 start...
2021-06-08 02:07:32 start...
2021-06-08 02:07:32 start...
2021-06-08 02:07:32 start...
2021-06-08 02:07:32 start...
2021-06-08 02:07:32 start...
2021-06-08 02:07:33 start...
2021-06-08 02:07:33 start...
2021-06-08 02:07:33 start...
2021-06-08 02:07:33 start...
2021-06-08 02:07:33 start...
2021-06-08 02:07:33 start...
2021-06-08 02:07:33 start...
2021-06-08 02:07:33 start...
2021-06-08 02:07:34 start...
2021-06-08 02:07:34 start...
2021-06-08 02:07:34 start...
2021-06-08 02:07:34 start...
2021-06-08 02:07:34 start...
2021-06-08 02:07:34 start...
2021-06-08 02:07:34 start...
2021-06-08 02:07:34 start...
2021-06-08 02:07:35 start...
2021-06-08 02:07:35 start...
2021-06-08 02:07:35 start...
2021-06-08 02:07:35 start...
2021-06-08 02:07:35 start...
2021-06-08 02:07:35 start...
2021-06-08 02:10:01 start...
2021-06-08 02:10:01 start...
2021-06-08 02:10:21 start...
2021-06-08 02:10:21 start...
2021-06-08 02:10:22 start...
2021-06-08 02:10:22 start...
2021-06-08 02:10:23 start...
2021-06-08 02:10:23 start...
2021-06-08 02:13:48 start...
2021-06-08 02:13:48 start...
2021-06-08 02:15:26 start...
2021-06-08 02:15:26 start...
2021-06-08 02:15:27 start...
2021-06-08 02:15:27 start...
2021-06-08 02:15:27 start...
2021-06-08 02:15:27 start...
2021-06-08 02:15:41 start...
2021-06-08 02:15:47 start...
2021-06-08 02:16:04 start...
2021-06-08 02:17:56 start...
2021-06-08 02:18:40 start...
2021-06-08 02:18:40 start...
2021-06-08 02:19:10 start...
2021-06-08 02:19:10 start...
2021-06-08 02:20:01 start...
2021-06-08 02:20:01 start...
2021-06-08 02:20:35 start...
2021-06-08 02:20:35 start...
2021-06-08 02:20:38 start...
2021-06-08 02:25:01 start...
2021-06-08 02:25:01 start...
2021-06-08 02:30:01 start...
2021-06-08 02:30:01 start...
2021-06-08 02:35:01 start...
2021-06-08 02:35:01 start...
2021-06-08 02:40:00 start...
2021-06-08 02:40:01 start...
2021-06-08 02:45:00 start...
2021-06-08 02:45:01 start...
2021-06-08 02:50:00 start...
2021-06-08 02:50:00 start...
2021-06-08 02:55:00 start...
2021-06-08 02:55:00 start...
2021-06-08 03:00:00 start...
2021-06-08 03:00:00 start...
2021-06-08 03:06:38 start...
2021-06-08 03:06:38 start...
2021-06-08 03:08:31 start...
2021-06-08 03:08:31 start...
2021-06-08 03:08:58 start...
2021-06-08 03:08:58 start...
2021-06-08 03:09:37 start...
2021-06-08 03:09:37 start...
2021-06-08 03:10:00 start...
2021-06-08 03:10:00 start...
2021-06-08 03:10:38 start...
2021-06-08 03:10:38 start...
2021-06-08 03:11:34 start...
2021-06-08 03:11:34 start...
2021-06-08 03:11:54 start...
2021-06-08 03:11:54 start...
2021-06-08 03:12:30 start...
2021-06-08 03:12:30 start...
2021-06-08 03:13:29 start...
2021-06-08 03:13:29 start...
2021-06-08 03:13:53 start...
2021-06-08 03:13:53 start...
2021-06-08 03:15:01 start...
2021-06-08 03:15:01 start...
2021-06-08 03:20:01 start...
2021-06-08 03:20:01 start...
2021-06-08 03:25:01 start...
2021-06-08 03:25:01 start...
2021-06-08 03:43:58 start...
2021-06-09 05:58:38 start...
2021-06-09 05:58:38 start...
2021-06-09 06:42:04 start...
2021-06-09 06:42:04 start...
2021-06-21 11:26:16 start...
2021-06-21 11:32:00 start...
2021-06-21 11:36:46 2222
2021-06-21 11:36:53 2222
2021-06-21 11:39:35 2222
2021-06-21 11:39:44 2222
2021-06-21 11:41:09 开始处理坤时的请求...
2021-06-21 11:42:03 开始处理坤时的请求...
2021-06-21 11:42:04 SOAP-ERROR: Parsing WSDL: Couldn't load from 'http://hd2.com/wbs/SERVER.php?wsdl' : Start tag expected, '<' not found

2021-06-21 11:44:29 开始处理坤时的请求...
2021-06-21 11:44:29 SOAP-ERROR: Parsing WSDL: Couldn't load from 'http://hd2.com/wbs/SERVER.php?wsdl' : Start tag expected, '<' not found

2021-06-21 11:59:32 开始处理坤时的请求...
2021-06-21 11:59:32 --坤时请求数据--
2021-06-21 11:59:32 
2021-06-21 11:59:32 开始处理坤时的请求...
2021-06-21 11:59:32 --坤时请求数据--
2021-06-21 11:59:32 <?xml version="1.0" encoding="UTF-8"?>
<soapenv:Envelope
    xmlns:soapenv="http://schemas.xmlsoap.org/soap/envelope/"
    xmlns:xsd="http://www.w3.org/2001/XMLSchema"
    xmlns:xsi="http://www.w3.org/2001/XMLSchema-instance">
    <soapenv:Body>
        <ns1:dataReq soapenv:encodingStyle="http://schemas.xmlsoap.org/soap/encoding/"
            xmlns:ns1="http://tempuri.org/">
            <ns1:arg0 xsi:type="soapenc:string"
                xmlns:soapenc="http://schemas.xmlsoap.org/soap/encoding/">
			<?xml version="1.0" encoding="UTF-8"?>
				<reqRcvMsg>
					<reqId>2021062100000007</reqId>
					<facName>ks</facName>
					<reqData>1</reqData>
				</reqRcvMsg>
            </ns1:arg0>
        </ns1:dataReq>
    </soapenv:Body>
</soapenv:Envelope>
2021-06-21 12:04:41 开始处理坤时的请求...
2021-06-21 12:04:41 --坤时请求数据--
2021-06-21 12:04:41 
2021-06-21 12:04:41 本次未解析到$replyId！
2021-06-21 12:04:57 开始处理坤时的请求...
2021-06-21 12:04:57 --坤时请求数据--
2021-06-21 12:04:57 
2021-06-21 12:04:57 本次未解析到$replyId！
2021-06-21 12:05:41 开始处理坤时的请求...
2021-06-21 12:05:41 --坤时请求数据--
2021-06-21 12:05:41 
2021-06-21 12:05:41 本次未解析到$replyId！
2021-06-21 12:06:20 开始处理坤时的请求...
2021-06-21 12:06:20 --坤时请求数据--
2021-06-21 12:06:20 
2021-06-21 12:07:13 开始处理坤时的请求...
2021-06-21 12:07:13 --坤时请求数据--
2021-06-21 12:07:13 
2021-06-21 12:07:48 开始处理坤时的请求...
2021-06-21 12:07:48 --坤时请求数据--
2021-06-21 12:07:48 
2021-06-21 12:07:54 开始处理坤时的请求...
2021-06-21 12:07:54 --坤时请求数据--
2021-06-21 12:07:54 
2021-06-21 12:08:04 开始处理坤时的请求...
2021-06-21 12:08:04 --坤时请求数据--
2021-06-21 12:08:04 
2021-06-21 12:08:04 开始处理坤时的请求...
2021-06-21 12:08:04 --坤时请求数据--
2021-06-21 12:08:04 <?xml version="1.0" encoding="UTF-8"?>
<soapenv:Envelope
    xmlns:soapenv="http://schemas.xmlsoap.org/soap/envelope/"
    xmlns:xsd="http://www.w3.org/2001/XMLSchema"
    xmlns:xsi="http://www.w3.org/2001/XMLSchema-instance">
    <soapenv:Body>
        <ns1:dataReq soapenv:encodingStyle="http://schemas.xmlsoap.org/soap/encoding/"
            xmlns:ns1="http://tempuri.org/">
            <ns1:arg0 xsi:type="soapenc:string"
                xmlns:soapenc="http://schemas.xmlsoap.org/soap/encoding/">
			<?xml version="1.0" encoding="UTF-8"?>
				<reqRcvMsg>
					<reqId>2021062100000015</reqId>
					<facName>ks</facName>
					<reqData>1</reqData>
				</reqRcvMsg>
            </ns1:arg0>
        </ns1:dataReq>
    </soapenv:Body>
</soapenv:Envelope>
2021-06-21 12:11:46 开始处理坤时的请求...
2021-06-21 12:11:46 --坤时请求数据--
2021-06-21 12:11:46 
2021-06-21 12:11:53 开始处理坤时的请求...
2021-06-21 12:11:53 --坤时请求数据--
2021-06-21 12:11:53 
2021-06-21 12:11:53 本次未解析到$replyId！
2021-06-21 12:11:53 开始处理坤时的请求...
2021-06-21 12:11:53 --坤时请求数据--
2021-06-21 12:11:53 <?xml version="1.0" encoding="UTF-8"?>
<soapenv:Envelope
    xmlns:soapenv="http://schemas.xmlsoap.org/soap/envelope/"
    xmlns:xsd="http://www.w3.org/2001/XMLSchema"
    xmlns:xsi="http://www.w3.org/2001/XMLSchema-instance">
    <soapenv:Body>
        <ns1:dataReq soapenv:encodingStyle="http://schemas.xmlsoap.org/soap/encoding/"
            xmlns:ns1="http://tempuri.org/">
            <ns1:arg0 xsi:type="soapenc:string"
                xmlns:soapenc="http://schemas.xmlsoap.org/soap/encoding/">
			<?xml version="1.0" encoding="UTF-8"?>
				<reqRcvMsg>
					<reqId>2021062100000017</reqId>
					<facName>ks</facName>
					<reqData>1</reqData>
				</reqRcvMsg>
            </ns1:arg0>
        </ns1:dataReq>
    </soapenv:Body>
</soapenv:Envelope>
2021-06-21 12:12:31 开始处理坤时的请求...
2021-06-21 12:12:31 --坤时请求数据--
2021-06-21 12:12:31 
2021-06-21 12:12:31 本次未解析到$replyId！
2021-06-21 12:12:31 
2021-06-21 12:13:10 开始处理坤时的请求...
2021-06-21 12:13:10 --坤时请求数据--
2021-06-21 12:13:10 
2021-06-21 12:13:10 
2021-06-21 12:13:10 本次未解析到$replyId！
2021-06-21 12:13:10 
2021-06-21 12:13:20 开始处理坤时的请求...
2021-06-21 12:13:20 --坤时请求数据--
2021-06-21 12:13:20 
2021-06-21 12:13:20 
2021-06-21 12:13:55 开始处理坤时的请求...
2021-06-21 12:13:55 --坤时请求数据--
2021-06-21 12:13:55 
2021-06-21 12:13:55 
2021-06-21 12:14:35 开始处理坤时的请求...
2021-06-21 12:14:35 --坤时请求数据--
2021-06-21 12:14:35 
2021-06-21 12:14:35 --
2021-06-21 12:14:35 
2021-06-21 12:14:35 --
2021-06-21 12:14:35 
2021-06-21 12:14:45 开始处理坤时的请求...
2021-06-21 12:14:45 --坤时请求数据--
2021-06-21 12:14:45 
2021-06-21 12:14:45 --
2021-06-21 12:14:45 
2021-06-21 12:14:45 --
2021-06-21 12:14:45 本次未解析到$replyId！
2021-06-21 12:14:45 
2021-06-21 12:15:10 开始处理坤时的请求...
2021-06-21 12:15:10 --坤时请求数据--
2021-06-21 12:15:10 
2021-06-21 12:15:10 --
2021-06-21 12:15:10 
2021-06-21 12:15:10 --
2021-06-21 12:15:10 开始处理坤时的请求...
2021-06-21 12:15:10 --坤时请求数据--
2021-06-21 12:15:10 <?xml version="1.0" encoding="UTF-8"?>
<soapenv:Envelope
    xmlns:soapenv="http://schemas.xmlsoap.org/soap/envelope/"
    xmlns:xsd="http://www.w3.org/2001/XMLSchema"
    xmlns:xsi="http://www.w3.org/2001/XMLSchema-instance">
    <soapenv:Body>
        <ns1:dataReq soapenv:encodingStyle="http://schemas.xmlsoap.org/soap/encoding/"
            xmlns:ns1="http://tempuri.org/">
            <ns1:arg0 xsi:type="soapenc:string"
                xmlns:soapenc="http://schemas.xmlsoap.org/soap/encoding/">
			<?xml version="1.0" encoding="UTF-8"?>
				<reqRcvMsg>
					<reqId>2021062100000024</reqId>
					<facName>ks</facName>
					<reqData>1</reqData>
				</reqRcvMsg>
            </ns1:arg0>
        </ns1:dataReq>
    </soapenv:Body>
</soapenv:Envelope>
2021-06-21 12:15:10 --
2021-06-21 12:15:10 <?xml version="1.0" encoding="UTF-8"?>
<soapenv:Envelope
    xmlns:soapenv="http://schemas.xmlsoap.org/soap/envelope/"
    xmlns:xsd="http://www.w3.org/2001/XMLSchema"
    xmlns:xsi="http://www.w3.org/2001/XMLSchema-instance">
    <soapenv:Body>
        <ns1:dataReq soapenv:encodingStyle="http://schemas.xmlsoap.org/soap/encoding/"
            xmlns:ns1="http://tempuri.org/">
            <ns1:arg0 xsi:type="soapenc:string"
                xmlns:soapenc="http://schemas.xmlsoap.org/soap/encoding/">
			<?xml version="1.0" encoding="UTF-8"?>
				<reqRcvMsg>
					<reqId>2021062100000024</reqId>
					<facName>ks</facName>
					<reqData>1</reqData>
				</reqRcvMsg>
            </ns1:arg0>
        </ns1:dataReq>
    </soapenv:Body>
</soapenv:Envelope>
2021-06-21 12:15:10 --
2021-06-21 12:19:54 $replyId=
2021-06-21 12:20:42 $replyId=
2021-06-21 12:21:25 $replyId=
2021-06-21 12:21:33 $replyId=
2021-06-21 12:21:49 $replyId=
2021-06-21 12:22:40 
2021-06-21 12:22:40 $replyId=
2021-06-21 12:22:46 
2021-06-21 12:22:46 $replyId=
2021-06-21 12:22:55 
2021-06-21 12:22:55 <?xml version="1.0" encoding="UTF-8"?>
<soapenv:Envelope
    xmlns:soapenv="http://schemas.xmlsoap.org/soap/envelope/"
    xmlns:xsd="http://www.w3.org/2001/XMLSchema"
    xmlns:xsi="http://www.w3.org/2001/XMLSchema-instance">
    <soapenv:Body>
        <ns1:dataReq soapenv:encodingStyle="http://schemas.xmlsoap.org/soap/encoding/"
            xmlns:ns1="http://tempuri.org/">
            <ns1:arg0 xsi:type="soapenc:string"
                xmlns:soapenc="http://schemas.xmlsoap.org/soap/encoding/">
			<?xml version="1.0" encoding="UTF-8"?>
				<reqRcvMsg>
					<reqId>2021062100000032</reqId>
					<facName>ks</facName>
					<reqData>1</reqData>
				</reqRcvMsg>
            </ns1:arg0>
        </ns1:dataReq>
    </soapenv:Body>
</soapenv:Envelope>
2021-06-21 12:23:34 
2021-06-21 12:23:34 <?xml version="1.0" encoding="UTF-8"?>
<soapenv:Envelope
    xmlns:soapenv="http://schemas.xmlsoap.org/soap/envelope/"
    xmlns:xsd="http://www.w3.org/2001/XMLSchema"
    xmlns:xsi="http://www.w3.org/2001/XMLSchema-instance">
    <soapenv:Body>
        <ns1:dataReq soapenv:encodingStyle="http://schemas.xmlsoap.org/soap/encoding/"
            xmlns:ns1="http://tempuri.org/">
            <ns1:arg0 xsi:type="soapenc:string"
                xmlns:soapenc="http://schemas.xmlsoap.org/soap/encoding/">
			<?xml version="1.0" encoding="UTF-8"?>
				<reqRcvMsg>
					<reqId>2021062100000033</reqId>
					<facName>ks</facName>
					<reqData>1</reqData>
				</reqRcvMsg>
            </ns1:arg0>
        </ns1:dataReq>
    </soapenv:Body>
</soapenv:Envelope>
2021-06-21 12:23:43 
2021-06-21 12:23:43 $replyId=
2021-06-21 12:23:59 
2021-06-21 12:23:59 $replyId=0
2021-06-21 12:28:27 
2021-06-21 12:28:27 $prs_idArray
2021-06-21 12:28:34 
2021-06-21 12:28:34 $prs_idArray
2021-06-21 12:29:24 
2021-06-21 12:29:24 $prs_idArray
2021-06-21 12:29:53 
2021-06-21 12:29:53 $prs_idArray
2021-06-21 12:34:19 
2021-06-21 12:34:19 $prs_idArrayArray
2021-06-21 12:35:16 
2021-06-21 12:35:16 SSSS
2021-06-21 12:35:43 
2021-06-21 12:36:21 
2021-06-21 12:36:21 <?xml version="1.0" encoding="UTF-8"?>
<soapenv:Envelope
    xmlns:soapenv="http://schemas.xmlsoap.org/soap/envelope/"
    xmlns:xsd="http://www.w3.org/2001/XMLSchema"
    xmlns:xsi="http://www.w3.org/2001/XMLSchema-instance">
    <soapenv:Body>
        <ns1:dataReq soapenv:encodingStyle="http://schemas.xmlsoap.org/soap/encoding/"
            xmlns:ns1="http://tempuri.org/">
            <ns1:arg0 xsi:type="soapenc:string"
                xmlns:soapenc="http://schemas.xmlsoap.org/soap/encoding/">
			<?xml version="1.0" encoding="UTF-8"?>
				<reqRcvMsg>
					<reqId>2021062100000043</reqId>
					<facName>ks</facName>
					<reqData>1</reqData>
				</reqRcvMsg>
            </ns1:arg0>
        </ns1:dataReq>
    </soapenv:Body>
</soapenv:Envelope>
2021-06-21 12:38:15 
2021-06-21 12:38:15 <?xml version="1.0" encoding="UTF-8"?><soapenv:Envelope xmlns:soapenv="http://schemas.xmlsoap.org/soap/envelope/" xmlns:xsd="http://www.w3.org/2001/XMLSchema" xmlns:xsi="http://www.w3.org/2001/XMLSchema-instance"><soapenv:Body><ns1:dataReq soapenv:encodingStyle="http://schemas.xmlsoap.org/soap/encoding/" xmlns:ns1="http://tempuri.org/"><ns1:arg0 xsi:type="soapenc:string" xmlns:soapenc="http://schemas.xmlsoap.org/soap/encoding/"><?xml version="1.0" encoding="UTF-8"?><reqRcvMsg><reqId>2021062100000044</reqId><facName>ks</facName><reqData>1</reqData></reqRcvMsg></ns1:arg0></ns1:dataReq></soapenv:Body></soapenv:Envelope>
2021-06-21 12:38:55 
2021-06-21 12:38:55 
2021-06-21 12:38:55 <?xml version="1.0" encoding="UTF-8"?><soapenv:Envelope xmlns:soapenv="http://schemas.xmlsoap.org/soap/envelope/" xmlns:xsd="http://www.w3.org/2001/XMLSchema" xmlns:xsi="http://www.w3.org/2001/XMLSchema-instance"><soapenv:Body><ns1:dataReq soapenv:encodingStyle="http://schemas.xmlsoap.org/soap/encoding/" xmlns:ns1="http://tempuri.org/"><ns1:arg0 xsi:type="soapenc:string" xmlns:soapenc="http://schemas.xmlsoap.org/soap/encoding/"><?xml version="1.0" encoding="UTF-8"?><reqRcvMsg><reqId>2021062100000045</reqId><facName>ks</facName><reqData>1</reqData></reqRcvMsg></ns1:arg0></ns1:dataReq></soapenv:Body></soapenv:Envelope>
2021-06-21 12:38:55 2021062100000045
2021-06-21 12:42:51 
2021-06-21 12:42:51 
2021-06-21 12:42:51 <?xml version="1.0" encoding="UTF-8"?>
<soapenv:Envelope
    xmlns:soapenv="http://schemas.xmlsoap.org/soap/envelope/"
    xmlns:xsd="http://www.w3.org/2001/XMLSchema"
    xmlns:xsi="http://www.w3.org/2001/XMLSchema-instance">
    <soapenv:Body>
        <ns1:dataReq soapenv:encodingStyle="http://schemas.xmlsoap.org/soap/encoding/"
            xmlns:ns1="http://tempuri.org/">
            <ns1:arg0 xsi:type="soapenc:string"
                xmlns:soapenc="http://schemas.xmlsoap.org/soap/encoding/">
			<?xml version="1.0" encoding="UTF-8"?>
				<reqRcvMsg>
					<reqId>2021062100000046</reqId>
					<facName>ks</facName>
					<reqData>1</reqData>
				</reqRcvMsg>
            </ns1:arg0>
        </ns1:dataReq>
    </soapenv:Body>
</soapenv:Envelope>
2021-06-21 12:42:51 
2021-06-21 12:44:12 
2021-06-21 12:44:12 
2021-06-21 12:44:12 <?xml version="1.0" encoding="UTF-8"?>
<soapenv:Envelope
    xmlns:soapenv="http://schemas.xmlsoap.org/soap/envelope/"
    xmlns:xsd="http://www.w3.org/2001/XMLSchema"
    xmlns:xsi="http://www.w3.org/2001/XMLSchema-instance">
    <soapenv:Body>
        <ns1:dataReq soapenv:encodingStyle="http://schemas.xmlsoap.org/soap/encoding/"
            xmlns:ns1="http://tempuri.org/">
            <ns1:arg0 xsi:type="soapenc:string"
                xmlns:soapenc="http://schemas.xmlsoap.org/soap/encoding/">
			<?xml version="1.0" encoding="UTF-8"?>
				<reqRcvMsg>
					<reqId>2021062100000047</reqId>
					<facName>ks</facName>
					<reqData>1</reqData>
				</reqRcvMsg>
            </ns1:arg0>
        </ns1:dataReq>
    </soapenv:Body>
</soapenv:Envelope>
2021-06-21 12:44:12 2021062100000047
2021-06-21 12:46:21 开始处理坤时的请求...
2021-06-21 12:46:21 --坤时请求withXml数据--
2021-06-21 12:46:21 
2021-06-21 12:46:21 $replyId=
2021-06-21 12:46:21 开始处理坤时的请求...
2021-06-21 12:46:21 --坤时请求withXml数据--
2021-06-21 12:46:21 <?xml version="1.0" encoding="UTF-8"?>
<soapenv:Envelope
    xmlns:soapenv="http://schemas.xmlsoap.org/soap/envelope/"
    xmlns:xsd="http://www.w3.org/2001/XMLSchema"
    xmlns:xsi="http://www.w3.org/2001/XMLSchema-instance">
    <soapenv:Body>
        <ns1:dataReq soapenv:encodingStyle="http://schemas.xmlsoap.org/soap/encoding/"
            xmlns:ns1="http://tempuri.org/">
            <ns1:arg0 xsi:type="soapenc:string"
                xmlns:soapenc="http://schemas.xmlsoap.org/soap/encoding/">
			<?xml version="1.0" encoding="UTF-8"?>
				<reqRcvMsg>
					<reqId>2021062100000048</reqId>
					<facName>ks</facName>
					<reqData>1</reqData>
				</reqRcvMsg>
            </ns1:arg0>
        </ns1:dataReq>
    </soapenv:Body>
</soapenv:Envelope>
2021-06-21 12:46:21 $replyId=2021062100000048
2021-06-21 12:48:22 开始处理坤时的请求...
2021-06-21 12:48:22 --坤时请求withXml数据--
2021-06-21 12:48:22 
2021-06-21 12:48:22 $reqId=
2021-06-21 12:48:23 SOAP-ERROR: Parsing WSDL: Couldn't load from 'http://hd2.com/wbs/SERVER.php?wsdl' : Start tag expected, '<' not found

2021-06-21 12:48:54 开始处理坤时的请求...
2021-06-21 12:48:54 --坤时请求withXml数据--
2021-06-21 12:48:54 
2021-06-21 12:48:54 $reqId=
2021-06-21 12:48:54 开始处理坤时的请求...
2021-06-21 12:48:54 --坤时请求withXml数据--
2021-06-21 12:48:54 <?xml version="1.0" encoding="UTF-8"?>
<soapenv:Envelope
    xmlns:soapenv="http://schemas.xmlsoap.org/soap/envelope/"
    xmlns:xsd="http://www.w3.org/2001/XMLSchema"
    xmlns:xsi="http://www.w3.org/2001/XMLSchema-instance">
    <soapenv:Body>
        <ns1:dataReq soapenv:encodingStyle="http://schemas.xmlsoap.org/soap/encoding/"
            xmlns:ns1="http://tempuri.org/">
            <ns1:arg0 xsi:type="soapenc:string"
                xmlns:soapenc="http://schemas.xmlsoap.org/soap/encoding/">
			<?xml version="1.0" encoding="UTF-8"?>
				<reqRcvMsg>
					<reqId>2021062100000050</reqId>
					<facName>ks</facName>
					<reqData>1</reqData>
				</reqRcvMsg>
            </ns1:arg0>
        </ns1:dataReq>
    </soapenv:Body>
</soapenv:Envelope>
2021-06-21 12:48:54 $reqId=2021062100000050
2021-06-21 12:49:36 开始处理坤时的请求...
2021-06-21 12:49:36 --坤时请求withXml数据--
2021-06-21 12:49:36 
2021-06-21 12:49:36 $reqId=
2021-06-21 12:49:37 SOAP-ERROR: Parsing WSDL: Couldn't load from 'http://hd2.com/wbs/SERVER.php?wsdl' : Start tag expected, '<' not found

2021-06-21 12:50:09 开始处理坤时的请求...
2021-06-21 12:50:09 --坤时请求withXml数据--
2021-06-21 12:50:09 
2021-06-21 12:50:09 $reqId=
2021-06-21 12:50:10 SOAP-ERROR: Parsing WSDL: Couldn't load from 'http://hd2.com/wbs/SERVER.php' : Start tag expected, '<' not found

2021-06-21 12:51:46 开始处理坤时的请求...
2021-06-21 12:51:46 --坤时请求withXml数据--
2021-06-21 12:51:46 
2021-06-21 12:51:46 $reqId=
2021-06-21 12:51:46 SOAP-ERROR: Parsing WSDL: Couldn't load from 'http://hd2.com/wbs/SERVER.php' : Start tag expected, '<' not found

2021-06-21 12:53:11 开始处理坤时的请求...
2021-06-21 12:53:11 --坤时请求withXml数据--
2021-06-21 12:53:11 
2021-06-21 12:53:11 $reqId=
2021-06-21 12:53:12 SOAP-ERROR: Parsing WSDL: Couldn't load from 'http://hd2.com/wbs/SERVER.php' : Start tag expected, '<' not found

2021-06-21 12:54:23 开始处理坤时的请求...
2021-06-21 12:54:23 --坤时请求withXml数据--
2021-06-21 12:54:23 
2021-06-21 12:54:23 $reqId=
2021-06-21 12:54:23 SOAP-ERROR: Parsing WSDL: Couldn't load from 'http://hd2.com/wbs/SERVER.php' : Start tag expected, '<' not found

2021-06-21 12:57:53 开始处理坤时的请求...
2021-06-21 12:57:53 --坤时请求withXml数据--
2021-06-21 12:57:53 
2021-06-21 12:57:53 $reqId=
2021-06-21 12:57:53 SOAP-ERROR: Parsing WSDL: Couldn't load from 'http://hd2.com/wbs/SERVER.php' : Start tag expected, '<' not found

2021-06-21 12:58:49 开始处理坤时的请求...
2021-06-21 12:58:49 --坤时请求withXml数据--
2021-06-21 12:58:49 
2021-06-21 12:58:49 $reqId=
2021-06-21 12:58:49 SOAP-ERROR: Parsing WSDL: Couldn't load from 'http://hd2.com/wbs/SERVER.php' : Start tag expected, '<' not found

2021-06-21 12:58:53 开始处理坤时的请求...
2021-06-21 12:58:53 --坤时请求withXml数据--
2021-06-21 12:58:53 
2021-06-21 12:58:53 $reqId=
2021-06-21 12:58:53 SOAP-ERROR: Parsing WSDL: Couldn't load from 'http://hd2.com/wbs/SERVER.php' : Start tag expected, '<' not found

2021-06-21 12:59:06 开始处理坤时的请求...
2021-06-21 12:59:06 --坤时请求withXml数据--
2021-06-21 12:59:06 
2021-06-21 12:59:06 $reqId=
2021-06-21 12:59:06 开始处理坤时的请求...
2021-06-21 12:59:06 --坤时请求withXml数据--
2021-06-21 12:59:06 <?xml version="1.0" encoding="UTF-8"?>
<soapenv:Envelope
    xmlns:soapenv="http://schemas.xmlsoap.org/soap/envelope/"
    xmlns:xsd="http://www.w3.org/2001/XMLSchema"
    xmlns:xsi="http://www.w3.org/2001/XMLSchema-instance">
    <soapenv:Body>
        <ns1:dataReq soapenv:encodingStyle="http://schemas.xmlsoap.org/soap/encoding/"
            xmlns:ns1="http://tempuri.org/">
            <ns1:arg0 xsi:type="soapenc:string"
                xmlns:soapenc="http://schemas.xmlsoap.org/soap/encoding/">
			<?xml version="1.0" encoding="UTF-8"?>
				<reqRcvMsg>
					<reqId>2021062100000059</reqId>
					<facName>ks</facName>
					<reqData>1</reqData>
				</reqRcvMsg>
            </ns1:arg0>
        </ns1:dataReq>
    </soapenv:Body>
</soapenv:Envelope>
2021-06-21 12:59:06 $reqId=2021062100000059
